{"C:\\Users\\Sam\\Desktop\\node-serverless\\serverless-crud\\src\\cars\\controllers\\car.controller.js": {"path":"C:\\Users\\Sam\\Desktop\\node-serverless\\serverless-crud\\src\\cars\\controllers\\car.controller.js","statementMap":{"0":{"start":{"line":1,"column":19},"end":{"line":1,"column":45}},"1":{"start":{"line":2,"column":23},"end":{"line":2,"column":57}},"2":{"start":{"line":3,"column":24},"end":{"line":3,"column":62}},"3":{"start":{"line":4,"column":29},"end":{"line":4,"column":65}},"4":{"start":{"line":5,"column":19},"end":{"line":5,"column":53}},"5":{"start":{"line":9,"column":8},"end":{"line":9,"column":37}},"6":{"start":{"line":13,"column":24},"end":{"line":13,"column":54}},"7":{"start":{"line":15,"column":8},"end":{"line":18,"column":9}},"8":{"start":{"line":16,"column":12},"end":{"line":16,"column":71}},"9":{"start":{"line":17,"column":12},"end":{"line":17,"column":19}},"10":{"start":{"line":19,"column":8},"end":{"line":19,"column":48}},"11":{"start":{"line":23,"column":24},"end":{"line":23,"column":68}},"12":{"start":{"line":25,"column":8},"end":{"line":28,"column":9}},"13":{"start":{"line":26,"column":12},"end":{"line":26,"column":71}},"14":{"start":{"line":27,"column":12},"end":{"line":27,"column":19}},"15":{"start":{"line":30,"column":8},"end":{"line":33,"column":9}},"16":{"start":{"line":31,"column":12},"end":{"line":31,"column":61}},"17":{"start":{"line":32,"column":12},"end":{"line":32,"column":19}},"18":{"start":{"line":35,"column":8},"end":{"line":35,"column":48}},"19":{"start":{"line":39,"column":24},"end":{"line":39,"column":49}},"20":{"start":{"line":40,"column":27},"end":{"line":40,"column":42}},"21":{"start":{"line":42,"column":21},"end":{"line":42,"column":63}},"22":{"start":{"line":44,"column":8},"end":{"line":47,"column":9}},"23":{"start":{"line":45,"column":12},"end":{"line":45,"column":80}},"24":{"start":{"line":46,"column":12},"end":{"line":46,"column":19}},"25":{"start":{"line":49,"column":23},"end":{"line":49,"column":39}},"26":{"start":{"line":51,"column":24},"end":{"line":51,"column":60}},"27":{"start":{"line":52,"column":8},"end":{"line":55,"column":9}},"28":{"start":{"line":53,"column":12},"end":{"line":53,"column":71}},"29":{"start":{"line":54,"column":12},"end":{"line":54,"column":19}},"30":{"start":{"line":57,"column":8},"end":{"line":57,"column":53}},"31":{"start":{"line":61,"column":24},"end":{"line":61,"column":49}},"32":{"start":{"line":62,"column":27},"end":{"line":62,"column":42}},"33":{"start":{"line":64,"column":21},"end":{"line":64,"column":63}},"34":{"start":{"line":66,"column":8},"end":{"line":69,"column":9}},"35":{"start":{"line":67,"column":12},"end":{"line":67,"column":80}},"36":{"start":{"line":68,"column":12},"end":{"line":68,"column":19}},"37":{"start":{"line":71,"column":19},"end":{"line":71,"column":32}},"38":{"start":{"line":72,"column":23},"end":{"line":72,"column":39}},"39":{"start":{"line":74,"column":24},"end":{"line":74,"column":64}},"40":{"start":{"line":76,"column":8},"end":{"line":79,"column":9}},"41":{"start":{"line":77,"column":12},"end":{"line":77,"column":71}},"42":{"start":{"line":78,"column":12},"end":{"line":78,"column":19}},"43":{"start":{"line":81,"column":8},"end":{"line":84,"column":9}},"44":{"start":{"line":82,"column":12},"end":{"line":82,"column":61}},"45":{"start":{"line":83,"column":12},"end":{"line":83,"column":19}},"46":{"start":{"line":86,"column":8},"end":{"line":86,"column":48}},"47":{"start":{"line":90,"column":24},"end":{"line":90,"column":67}},"48":{"start":{"line":92,"column":8},"end":{"line":95,"column":9}},"49":{"start":{"line":93,"column":12},"end":{"line":93,"column":71}},"50":{"start":{"line":94,"column":12},"end":{"line":94,"column":19}},"51":{"start":{"line":97,"column":8},"end":{"line":100,"column":9}},"52":{"start":{"line":98,"column":12},"end":{"line":98,"column":61}},"53":{"start":{"line":99,"column":12},"end":{"line":99,"column":19}},"54":{"start":{"line":102,"column":8},"end":{"line":102,"column":48}},"55":{"start":{"line":106,"column":0},"end":{"line":106,"column":35}}},"fnMap":{"0":{"name":"(anonymous_0)","decl":{"start":{"line":8,"column":4},"end":{"line":8,"column":5}},"loc":{"start":{"line":8,"column":28},"end":{"line":10,"column":5}},"line":8},"1":{"name":"(anonymous_1)","decl":{"start":{"line":12,"column":4},"end":{"line":12,"column":5}},"loc":{"start":{"line":12,"column":27},"end":{"line":20,"column":5}},"line":12},"2":{"name":"(anonymous_2)","decl":{"start":{"line":22,"column":4},"end":{"line":22,"column":5}},"loc":{"start":{"line":22,"column":28},"end":{"line":36,"column":5}},"line":22},"3":{"name":"(anonymous_3)","decl":{"start":{"line":38,"column":4},"end":{"line":38,"column":5}},"loc":{"start":{"line":38,"column":27},"end":{"line":58,"column":5}},"line":38},"4":{"name":"(anonymous_4)","decl":{"start":{"line":60,"column":4},"end":{"line":60,"column":5}},"loc":{"start":{"line":60,"column":27},"end":{"line":87,"column":5}},"line":60},"5":{"name":"(anonymous_5)","decl":{"start":{"line":89,"column":4},"end":{"line":89,"column":5}},"loc":{"start":{"line":89,"column":27},"end":{"line":103,"column":5}},"line":89}},"branchMap":{"0":{"loc":{"start":{"line":15,"column":8},"end":{"line":18,"column":9}},"type":"if","locations":[{"start":{"line":15,"column":8},"end":{"line":18,"column":9}},{"start":{"line":15,"column":8},"end":{"line":18,"column":9}}],"line":15},"1":{"loc":{"start":{"line":25,"column":8},"end":{"line":28,"column":9}},"type":"if","locations":[{"start":{"line":25,"column":8},"end":{"line":28,"column":9}},{"start":{"line":25,"column":8},"end":{"line":28,"column":9}}],"line":25},"2":{"loc":{"start":{"line":30,"column":8},"end":{"line":33,"column":9}},"type":"if","locations":[{"start":{"line":30,"column":8},"end":{"line":33,"column":9}},{"start":{"line":30,"column":8},"end":{"line":33,"column":9}}],"line":30},"3":{"loc":{"start":{"line":42,"column":21},"end":{"line":42,"column":63}},"type":"cond-expr","locations":[{"start":{"line":42,"column":34},"end":{"line":42,"column":53}},{"start":{"line":42,"column":56},"end":{"line":42,"column":63}}],"line":42},"4":{"loc":{"start":{"line":44,"column":8},"end":{"line":47,"column":9}},"type":"if","locations":[{"start":{"line":44,"column":8},"end":{"line":47,"column":9}},{"start":{"line":44,"column":8},"end":{"line":47,"column":9}}],"line":44},"5":{"loc":{"start":{"line":52,"column":8},"end":{"line":55,"column":9}},"type":"if","locations":[{"start":{"line":52,"column":8},"end":{"line":55,"column":9}},{"start":{"line":52,"column":8},"end":{"line":55,"column":9}}],"line":52},"6":{"loc":{"start":{"line":64,"column":21},"end":{"line":64,"column":63}},"type":"cond-expr","locations":[{"start":{"line":64,"column":34},"end":{"line":64,"column":53}},{"start":{"line":64,"column":56},"end":{"line":64,"column":63}}],"line":64},"7":{"loc":{"start":{"line":66,"column":8},"end":{"line":69,"column":9}},"type":"if","locations":[{"start":{"line":66,"column":8},"end":{"line":69,"column":9}},{"start":{"line":66,"column":8},"end":{"line":69,"column":9}}],"line":66},"8":{"loc":{"start":{"line":76,"column":8},"end":{"line":79,"column":9}},"type":"if","locations":[{"start":{"line":76,"column":8},"end":{"line":79,"column":9}},{"start":{"line":76,"column":8},"end":{"line":79,"column":9}}],"line":76},"9":{"loc":{"start":{"line":81,"column":8},"end":{"line":84,"column":9}},"type":"if","locations":[{"start":{"line":81,"column":8},"end":{"line":84,"column":9}},{"start":{"line":81,"column":8},"end":{"line":84,"column":9}}],"line":81},"10":{"loc":{"start":{"line":92,"column":8},"end":{"line":95,"column":9}},"type":"if","locations":[{"start":{"line":92,"column":8},"end":{"line":95,"column":9}},{"start":{"line":92,"column":8},"end":{"line":95,"column":9}}],"line":92},"11":{"loc":{"start":{"line":97,"column":8},"end":{"line":100,"column":9}},"type":"if","locations":[{"start":{"line":97,"column":8},"end":{"line":100,"column":9}},{"start":{"line":97,"column":8},"end":{"line":100,"column":9}}],"line":97}},"s":{"0":2,"1":2,"2":2,"3":2,"4":2,"5":2,"6":3,"7":3,"8":0,"9":0,"10":3,"11":3,"12":3,"13":0,"14":0,"15":3,"16":0,"17":0,"18":3,"19":3,"20":3,"21":3,"22":3,"23":0,"24":0,"25":3,"26":3,"27":3,"28":0,"29":0,"30":3,"31":3,"32":3,"33":3,"34":3,"35":0,"36":0,"37":3,"38":3,"39":3,"40":3,"41":0,"42":0,"43":3,"44":0,"45":0,"46":3,"47":3,"48":3,"49":0,"50":0,"51":3,"52":0,"53":0,"54":3,"55":2},"f":{"0":2,"1":3,"2":3,"3":3,"4":3,"5":3},"b":{"0":[0,3],"1":[0,3],"2":[0,3],"3":[0,3],"4":[0,3],"5":[0,3],"6":[0,3],"7":[0,3],"8":[0,3],"9":[0,3],"10":[0,3],"11":[0,3]},"_coverageSchema":"43e27e138ebf9cfc5966b082cf9a028302ed4184","hash":"8de8039b755fce57bceb0d4aa440e32e762ef378"}
,"C:\\Users\\Sam\\Desktop\\node-serverless\\serverless-crud\\src\\cars\\dtos\\car.dto.js": {"path":"C:\\Users\\Sam\\Desktop\\node-serverless\\serverless-crud\\src\\cars\\dtos\\car.dto.js","statementMap":{"0":{"start":{"line":3,"column":8},"end":{"line":3,"column":31}},"1":{"start":{"line":4,"column":8},"end":{"line":4,"column":29}},"2":{"start":{"line":5,"column":8},"end":{"line":5,"column":31}},"3":{"start":{"line":6,"column":8},"end":{"line":6,"column":31}},"4":{"start":{"line":10,"column":0},"end":{"line":10,"column":28}}},"fnMap":{"0":{"name":"(anonymous_0)","decl":{"start":{"line":2,"column":4},"end":{"line":2,"column":5}},"loc":{"start":{"line":2,"column":21},"end":{"line":7,"column":5}},"line":2}},"branchMap":{},"s":{"0":7,"1":7,"2":7,"3":7,"4":3},"f":{"0":7},"b":{},"_coverageSchema":"43e27e138ebf9cfc5966b082cf9a028302ed4184","hash":"d425af5c261cba4bd41b15cb1c9c4aeb2af3e0ab"}
,"C:\\Users\\Sam\\Desktop\\node-serverless\\serverless-crud\\src\\cars\\factories\\car.factory.js": {"path":"C:\\Users\\Sam\\Desktop\\node-serverless\\serverless-crud\\src\\cars\\factories\\car.factory.js","statementMap":{"0":{"start":{"line":1,"column":23},"end":{"line":1,"column":59}},"1":{"start":{"line":2,"column":26},"end":{"line":2,"column":69}},"2":{"start":{"line":3,"column":21},"end":{"line":3,"column":51}},"3":{"start":{"line":4,"column":26},"end":{"line":4,"column":66}},"4":{"start":{"line":7,"column":26},"end":{"line":7,"column":53}},"5":{"start":{"line":8,"column":23},"end":{"line":8,"column":52}},"6":{"start":{"line":9,"column":26},"end":{"line":9,"column":55}},"7":{"start":{"line":10,"column":4},"end":{"line":10,"column":25}},"8":{"start":{"line":13,"column":12},"end":{"line":13,"column":24}},"9":{"start":{"line":15,"column":0},"end":{"line":15,"column":25}}},"fnMap":{"0":{"name":"carFactory","decl":{"start":{"line":6,"column":9},"end":{"line":6,"column":19}},"loc":{"start":{"line":6,"column":22},"end":{"line":11,"column":1}},"line":6}},"branchMap":{},"s":{"0":1,"1":1,"2":1,"3":1,"4":1,"5":1,"6":1,"7":1,"8":1,"9":1},"f":{"0":1},"b":{},"_coverageSchema":"43e27e138ebf9cfc5966b082cf9a028302ed4184","hash":"2bf75fdead6d66f534f41e44731b8e3a42e5f4ae"}
,"C:\\Users\\Sam\\Desktop\\node-serverless\\serverless-crud\\src\\cars\\models\\car.model.js": {"path":"C:\\Users\\Sam\\Desktop\\node-serverless\\serverless-crud\\src\\cars\\models\\car.model.js","statementMap":{"0":{"start":{"line":1,"column":26},"end":{"line":1,"column":45}},"1":{"start":{"line":4,"column":18},"end":{"line":21,"column":2}},"2":{"start":{"line":23,"column":17},"end":{"line":23,"column":40}},"3":{"start":{"line":25,"column":0},"end":{"line":25,"column":29}}},"fnMap":{},"branchMap":{},"s":{"0":2,"1":2,"2":2,"3":2},"f":{},"b":{},"_coverageSchema":"43e27e138ebf9cfc5966b082cf9a028302ed4184","hash":"9775e79b5ad8d4cd41287aa4df86ce032da047c5"}
,"C:\\Users\\Sam\\Desktop\\node-serverless\\serverless-crud\\src\\cars\\repositories\\car.repository.js": {"path":"C:\\Users\\Sam\\Desktop\\node-serverless\\serverless-crud\\src\\cars\\repositories\\car.repository.js","statementMap":{"0":{"start":{"line":3,"column":8},"end":{"line":3,"column":30}},"1":{"start":{"line":7,"column":21},"end":{"line":7,"column":47}},"2":{"start":{"line":8,"column":8},"end":{"line":8,"column":20}},"3":{"start":{"line":12,"column":20},"end":{"line":12,"column":52}},"4":{"start":{"line":13,"column":8},"end":{"line":15,"column":9}},"5":{"start":{"line":14,"column":12},"end":{"line":14,"column":22}},"6":{"start":{"line":16,"column":8},"end":{"line":16,"column":19}},"7":{"start":{"line":20,"column":8},"end":{"line":20,"column":41}},"8":{"start":{"line":24,"column":27},"end":{"line":26,"column":10}},"9":{"start":{"line":27,"column":8},"end":{"line":29,"column":9}},"10":{"start":{"line":28,"column":12},"end":{"line":28,"column":22}},"11":{"start":{"line":30,"column":8},"end":{"line":30,"column":26}},"12":{"start":{"line":34,"column":27},"end":{"line":34,"column":68}},"13":{"start":{"line":35,"column":8},"end":{"line":37,"column":9}},"14":{"start":{"line":36,"column":12},"end":{"line":36,"column":22}},"15":{"start":{"line":38,"column":8},"end":{"line":38,"column":26}},"16":{"start":{"line":42,"column":0},"end":{"line":42,"column":35}}},"fnMap":{"0":{"name":"(anonymous_0)","decl":{"start":{"line":2,"column":4},"end":{"line":2,"column":5}},"loc":{"start":{"line":2,"column":23},"end":{"line":4,"column":5}},"line":2},"1":{"name":"(anonymous_1)","decl":{"start":{"line":6,"column":4},"end":{"line":6,"column":5}},"loc":{"start":{"line":6,"column":19},"end":{"line":9,"column":5}},"line":6},"2":{"name":"(anonymous_2)","decl":{"start":{"line":11,"column":4},"end":{"line":11,"column":5}},"loc":{"start":{"line":11,"column":22},"end":{"line":17,"column":5}},"line":11},"3":{"name":"(anonymous_3)","decl":{"start":{"line":19,"column":4},"end":{"line":19,"column":5}},"loc":{"start":{"line":19,"column":22},"end":{"line":21,"column":5}},"line":19},"4":{"name":"(anonymous_4)","decl":{"start":{"line":23,"column":4},"end":{"line":23,"column":5}},"loc":{"start":{"line":23,"column":26},"end":{"line":31,"column":5}},"line":23},"5":{"name":"(anonymous_5)","decl":{"start":{"line":33,"column":4},"end":{"line":33,"column":5}},"loc":{"start":{"line":33,"column":21},"end":{"line":39,"column":5}},"line":33}},"branchMap":{"0":{"loc":{"start":{"line":13,"column":8},"end":{"line":15,"column":9}},"type":"if","locations":[{"start":{"line":13,"column":8},"end":{"line":15,"column":9}},{"start":{"line":13,"column":8},"end":{"line":15,"column":9}}],"line":13},"1":{"loc":{"start":{"line":27,"column":8},"end":{"line":29,"column":9}},"type":"if","locations":[{"start":{"line":27,"column":8},"end":{"line":29,"column":9}},{"start":{"line":27,"column":8},"end":{"line":29,"column":9}}],"line":27},"2":{"loc":{"start":{"line":35,"column":8},"end":{"line":37,"column":9}},"type":"if","locations":[{"start":{"line":35,"column":8},"end":{"line":37,"column":9}},{"start":{"line":35,"column":8},"end":{"line":37,"column":9}}],"line":35}},"s":{"0":2,"1":3,"2":3,"3":3,"4":3,"5":1,"6":2,"7":2,"8":3,"9":3,"10":1,"11":2,"12":3,"13":3,"14":1,"15":2,"16":2},"f":{"0":2,"1":3,"2":3,"3":2,"4":3,"5":3},"b":{"0":[1,2],"1":[1,2],"2":[1,2]},"_coverageSchema":"43e27e138ebf9cfc5966b082cf9a028302ed4184","hash":"f02e457c6e20c27207b76cd1b1f097a13d628a95"}
,"C:\\Users\\Sam\\Desktop\\node-serverless\\serverless-crud\\src\\cars\\services\\car.service.js": {"path":"C:\\Users\\Sam\\Desktop\\node-serverless\\serverless-crud\\src\\cars\\services\\car.service.js","statementMap":{"0":{"start":{"line":1,"column":41},"end":{"line":1,"column":77}},"1":{"start":{"line":2,"column":18},"end":{"line":2,"column":37}},"2":{"start":{"line":6,"column":8},"end":{"line":6,"column":43}},"3":{"start":{"line":10,"column":8},"end":{"line":16,"column":9}},"4":{"start":{"line":11,"column":25},"end":{"line":11,"column":58}},"5":{"start":{"line":13,"column":12},"end":{"line":13,"column":24}},"6":{"start":{"line":15,"column":12},"end":{"line":15,"column":39}},"7":{"start":{"line":20,"column":8},"end":{"line":28,"column":9}},"8":{"start":{"line":21,"column":12},"end":{"line":24,"column":13}},"9":{"start":{"line":22,"column":28},"end":{"line":22,"column":64}},"10":{"start":{"line":23,"column":16},"end":{"line":23,"column":27}},"11":{"start":{"line":25,"column":12},"end":{"line":25,"column":38}},"12":{"start":{"line":27,"column":12},"end":{"line":27,"column":39}},"13":{"start":{"line":32,"column":8},"end":{"line":37,"column":9}},"14":{"start":{"line":33,"column":29},"end":{"line":33,"column":65}},"15":{"start":{"line":34,"column":12},"end":{"line":34,"column":28}},"16":{"start":{"line":36,"column":12},"end":{"line":36,"column":39}},"17":{"start":{"line":41,"column":8},"end":{"line":49,"column":9}},"18":{"start":{"line":42,"column":12},"end":{"line":45,"column":13}},"19":{"start":{"line":43,"column":35},"end":{"line":43,"column":75}},"20":{"start":{"line":44,"column":16},"end":{"line":44,"column":34}},"21":{"start":{"line":46,"column":12},"end":{"line":46,"column":38}},"22":{"start":{"line":48,"column":12},"end":{"line":48,"column":39}},"23":{"start":{"line":53,"column":8},"end":{"line":61,"column":9}},"24":{"start":{"line":54,"column":12},"end":{"line":57,"column":13}},"25":{"start":{"line":55,"column":34},"end":{"line":55,"column":69}},"26":{"start":{"line":56,"column":16},"end":{"line":56,"column":33}},"27":{"start":{"line":58,"column":12},"end":{"line":58,"column":38}},"28":{"start":{"line":60,"column":12},"end":{"line":60,"column":39}},"29":{"start":{"line":65,"column":0},"end":{"line":65,"column":32}}},"fnMap":{"0":{"name":"(anonymous_0)","decl":{"start":{"line":5,"column":4},"end":{"line":5,"column":5}},"loc":{"start":{"line":5,"column":31},"end":{"line":7,"column":5}},"line":5},"1":{"name":"(anonymous_1)","decl":{"start":{"line":9,"column":4},"end":{"line":9,"column":5}},"loc":{"start":{"line":9,"column":19},"end":{"line":17,"column":5}},"line":9},"2":{"name":"(anonymous_2)","decl":{"start":{"line":19,"column":4},"end":{"line":19,"column":5}},"loc":{"start":{"line":19,"column":22},"end":{"line":29,"column":5}},"line":19},"3":{"name":"(anonymous_3)","decl":{"start":{"line":31,"column":4},"end":{"line":31,"column":5}},"loc":{"start":{"line":31,"column":22},"end":{"line":38,"column":5}},"line":31},"4":{"name":"(anonymous_4)","decl":{"start":{"line":40,"column":4},"end":{"line":40,"column":5}},"loc":{"start":{"line":40,"column":26},"end":{"line":50,"column":5}},"line":40},"5":{"name":"(anonymous_5)","decl":{"start":{"line":52,"column":4},"end":{"line":52,"column":5}},"loc":{"start":{"line":52,"column":21},"end":{"line":62,"column":5}},"line":52}},"branchMap":{"0":{"loc":{"start":{"line":21,"column":12},"end":{"line":24,"column":13}},"type":"if","locations":[{"start":{"line":21,"column":12},"end":{"line":24,"column":13}},{"start":{"line":21,"column":12},"end":{"line":24,"column":13}}],"line":21},"1":{"loc":{"start":{"line":42,"column":12},"end":{"line":45,"column":13}},"type":"if","locations":[{"start":{"line":42,"column":12},"end":{"line":45,"column":13}},{"start":{"line":42,"column":12},"end":{"line":45,"column":13}}],"line":42},"2":{"loc":{"start":{"line":54,"column":12},"end":{"line":57,"column":13}},"type":"if","locations":[{"start":{"line":54,"column":12},"end":{"line":57,"column":13}},{"start":{"line":54,"column":12},"end":{"line":57,"column":13}}],"line":54}},"s":{"0":2,"1":2,"2":2,"3":4,"4":4,"5":3,"6":1,"7":4,"8":4,"9":3,"10":2,"11":1,"12":1,"13":3,"14":3,"15":2,"16":1,"17":4,"18":4,"19":3,"20":2,"21":1,"22":1,"23":4,"24":4,"25":3,"26":2,"27":1,"28":1,"29":2},"f":{"0":2,"1":4,"2":4,"3":3,"4":4,"5":4},"b":{"0":[3,1],"1":[3,1],"2":[3,1]},"_coverageSchema":"43e27e138ebf9cfc5966b082cf9a028302ed4184","hash":"42f2e2cd1db6d29f0951c6f4dee111698b260b41"}
,"C:\\Users\\Sam\\Desktop\\node-serverless\\serverless-crud\\src\\cars\\utils\\car.body.validator.js": {"path":"C:\\Users\\Sam\\Desktop\\node-serverless\\serverless-crud\\src\\cars\\utils\\car.body.validator.js","statementMap":{"0":{"start":{"line":2,"column":16},"end":{"line":7,"column":5}},"1":{"start":{"line":9,"column":20},"end":{"line":9,"column":39}},"2":{"start":{"line":10,"column":21},"end":{"line":10,"column":41}},"3":{"start":{"line":12,"column":4},"end":{"line":14,"column":5}},"4":{"start":{"line":13,"column":8},"end":{"line":13,"column":20}},"5":{"start":{"line":15,"column":4},"end":{"line":15,"column":17}},"6":{"start":{"line":18,"column":0},"end":{"line":18,"column":33}}},"fnMap":{"0":{"name":"invalidBody","decl":{"start":{"line":1,"column":9},"end":{"line":1,"column":20}},"loc":{"start":{"line":1,"column":27},"end":{"line":16,"column":1}},"line":1}},"branchMap":{"0":{"loc":{"start":{"line":12,"column":4},"end":{"line":14,"column":5}},"type":"if","locations":[{"start":{"line":12,"column":4},"end":{"line":14,"column":5}},{"start":{"line":12,"column":4},"end":{"line":14,"column":5}}],"line":12}},"s":{"0":6,"1":6,"2":6,"3":6,"4":0,"5":6,"6":2},"f":{"0":6},"b":{"0":[0,6]},"_coverageSchema":"43e27e138ebf9cfc5966b082cf9a028302ed4184","hash":"d15f44845e89ee80b370a782b44c6076040c5d16"}
,"C:\\Users\\Sam\\Desktop\\node-serverless\\serverless-crud\\src\\cars\\utils\\json.validator.js": {"path":"C:\\Users\\Sam\\Desktop\\node-serverless\\serverless-crud\\src\\cars\\utils\\json.validator.js","statementMap":{"0":{"start":{"line":2,"column":4},"end":{"line":6,"column":5}},"1":{"start":{"line":3,"column":8},"end":{"line":3,"column":24}},"2":{"start":{"line":5,"column":8},"end":{"line":5,"column":21}},"3":{"start":{"line":7,"column":4},"end":{"line":7,"column":16}},"4":{"start":{"line":10,"column":0},"end":{"line":10,"column":28}}},"fnMap":{"0":{"name":"isJson","decl":{"start":{"line":1,"column":9},"end":{"line":1,"column":15}},"loc":{"start":{"line":1,"column":21},"end":{"line":8,"column":1}},"line":1}},"branchMap":{},"s":{"0":6,"1":6,"2":6,"3":0,"4":2},"f":{"0":6},"b":{},"_coverageSchema":"43e27e138ebf9cfc5966b082cf9a028302ed4184","hash":"445b7934653413202b7dedbdf67edd574c200b70"}
,"C:\\Users\\Sam\\Desktop\\node-serverless\\serverless-crud\\src\\utils\\error.handler.js": {"path":"C:\\Users\\Sam\\Desktop\\node-serverless\\serverless-crud\\src\\utils\\error.handler.js","statementMap":{"0":{"start":{"line":2,"column":4},"end":{"line":7,"column":6}},"1":{"start":{"line":11,"column":4},"end":{"line":16,"column":6}},"2":{"start":{"line":20,"column":4},"end":{"line":25,"column":6}},"3":{"start":{"line":28,"column":0},"end":{"line":28,"column":68}}},"fnMap":{"0":{"name":"promiseError","decl":{"start":{"line":1,"column":9},"end":{"line":1,"column":21}},"loc":{"start":{"line":1,"column":29},"end":{"line":8,"column":1}},"line":1},"1":{"name":"invalidIdError","decl":{"start":{"line":10,"column":9},"end":{"line":10,"column":23}},"loc":{"start":{"line":10,"column":28},"end":{"line":17,"column":1}},"line":10},"2":{"name":"invalidBodyError","decl":{"start":{"line":19,"column":9},"end":{"line":19,"column":25}},"loc":{"start":{"line":19,"column":32},"end":{"line":26,"column":1}},"line":19}},"branchMap":{},"s":{"0":6,"1":4,"2":1,"3":4},"f":{"0":6,"1":4,"2":1},"b":{},"_coverageSchema":"43e27e138ebf9cfc5966b082cf9a028302ed4184","hash":"36b78ab6a6f96b3f089517d143e707ee93300749"}
,"C:\\Users\\Sam\\Desktop\\node-serverless\\serverless-crud\\src\\utils\\status.code.js": {"path":"C:\\Users\\Sam\\Desktop\\node-serverless\\serverless-crud\\src\\utils\\status.code.js","statementMap":{"0":{"start":{"line":2,"column":16},"end":{"line":2,"column":19}},"1":{"start":{"line":3,"column":21},"end":{"line":3,"column":24}},"2":{"start":{"line":4,"column":24},"end":{"line":4,"column":27}},"3":{"start":{"line":5,"column":25},"end":{"line":5,"column":28}},"4":{"start":{"line":6,"column":26},"end":{"line":6,"column":29}},"5":{"start":{"line":7,"column":23},"end":{"line":7,"column":26}},"6":{"start":{"line":8,"column":23},"end":{"line":8,"column":26}},"7":{"start":{"line":9,"column":35},"end":{"line":9,"column":38}},"8":{"start":{"line":10,"column":29},"end":{"line":10,"column":32}},"9":{"start":{"line":11,"column":25},"end":{"line":11,"column":28}},"10":{"start":{"line":12,"column":33},"end":{"line":12,"column":36}},"11":{"start":{"line":13,"column":29},"end":{"line":13,"column":32}},"12":{"start":{"line":15,"column":8},"end":{"line":17,"column":9}},"13":{"start":{"line":16,"column":12},"end":{"line":16,"column":80}},"14":{"start":{"line":21,"column":0},"end":{"line":21,"column":32}}},"fnMap":{"0":{"name":"(anonymous_0)","decl":{"start":{"line":14,"column":4},"end":{"line":14,"column":5}},"loc":{"start":{"line":14,"column":18},"end":{"line":18,"column":5}},"line":14}},"branchMap":{"0":{"loc":{"start":{"line":15,"column":8},"end":{"line":17,"column":9}},"type":"if","locations":[{"start":{"line":15,"column":8},"end":{"line":17,"column":9}},{"start":{"line":15,"column":8},"end":{"line":17,"column":9}}],"line":15}},"s":{"0":3,"1":3,"2":3,"3":3,"4":3,"5":3,"6":3,"7":3,"8":3,"9":3,"10":3,"11":3,"12":0,"13":0,"14":3},"f":{"0":0},"b":{"0":[0,0]},"_coverageSchema":"43e27e138ebf9cfc5966b082cf9a028302ed4184","hash":"8da0b07c8af3b60b3a6402cb6d3c3814a99181fb"}
}
