TN:
SF:C:\Users\Sam\Desktop\node-serverless\serverless-crud\src\cars\controllers\car.controller.js
FN:8,(anonymous_0)
FN:12,(anonymous_1)
FN:22,(anonymous_2)
FN:38,(anonymous_3)
FN:60,(anonymous_4)
FN:89,(anonymous_5)
FNF:6
FNH:6
FNDA:2,(anonymous_0)
FNDA:3,(anonymous_1)
FNDA:3,(anonymous_2)
FNDA:3,(anonymous_3)
FNDA:3,(anonymous_4)
FNDA:3,(anonymous_5)
DA:1,2
DA:2,2
DA:3,2
DA:4,2
DA:5,2
DA:9,2
DA:13,3
DA:15,3
DA:16,0
DA:17,0
DA:19,3
DA:23,3
DA:25,3
DA:26,0
DA:27,0
DA:30,3
DA:31,0
DA:32,0
DA:35,3
DA:39,3
DA:40,3
DA:42,3
DA:44,3
DA:45,0
DA:46,0
DA:49,3
DA:51,3
DA:52,3
DA:53,0
DA:54,0
DA:57,3
DA:61,3
DA:62,3
DA:64,3
DA:66,3
DA:67,0
DA:68,0
DA:71,3
DA:72,3
DA:74,3
DA:76,3
DA:77,0
DA:78,0
DA:81,3
DA:82,0
DA:83,0
DA:86,3
DA:90,3
DA:92,3
DA:93,0
DA:94,0
DA:97,3
DA:98,0
DA:99,0
DA:102,3
DA:106,2
LF:56
LH:36
BRDA:15,0,0,0
BRDA:15,0,1,3
BRDA:25,1,0,0
BRDA:25,1,1,3
BRDA:30,2,0,0
BRDA:30,2,1,3
BRDA:42,3,0,0
BRDA:42,3,1,3
BRDA:44,4,0,0
BRDA:44,4,1,3
BRDA:52,5,0,0
BRDA:52,5,1,3
BRDA:64,6,0,0
BRDA:64,6,1,3
BRDA:66,7,0,0
BRDA:66,7,1,3
BRDA:76,8,0,0
BRDA:76,8,1,3
BRDA:81,9,0,0
BRDA:81,9,1,3
BRDA:92,10,0,0
BRDA:92,10,1,3
BRDA:97,11,0,0
BRDA:97,11,1,3
BRF:24
BRH:12
end_of_record
TN:
SF:C:\Users\Sam\Desktop\node-serverless\serverless-crud\src\cars\dtos\car.dto.js
FN:2,(anonymous_0)
FNF:1
FNH:1
FNDA:7,(anonymous_0)
DA:3,7
DA:4,7
DA:5,7
DA:6,7
DA:10,3
LF:5
LH:5
BRF:0
BRH:0
end_of_record
TN:
SF:C:\Users\Sam\Desktop\node-serverless\serverless-crud\src\cars\factories\car.factory.js
FN:6,carFactory
FNF:1
FNH:1
FNDA:1,carFactory
DA:1,1
DA:2,1
DA:3,1
DA:4,1
DA:7,1
DA:8,1
DA:9,1
DA:10,1
DA:13,1
DA:15,1
LF:10
LH:10
BRF:0
BRH:0
end_of_record
TN:
SF:C:\Users\Sam\Desktop\node-serverless\serverless-crud\src\cars\models\car.model.js
FNF:0
FNH:0
DA:1,2
DA:4,2
DA:23,2
DA:25,2
LF:4
LH:4
BRF:0
BRH:0
end_of_record
TN:
SF:C:\Users\Sam\Desktop\node-serverless\serverless-crud\src\cars\repositories\car.repository.js
FN:2,(anonymous_0)
FN:6,(anonymous_1)
FN:11,(anonymous_2)
FN:19,(anonymous_3)
FN:23,(anonymous_4)
FN:33,(anonymous_5)
FNF:6
FNH:6
FNDA:2,(anonymous_0)
FNDA:3,(anonymous_1)
FNDA:3,(anonymous_2)
FNDA:2,(anonymous_3)
FNDA:3,(anonymous_4)
FNDA:3,(anonymous_5)
DA:3,2
DA:7,3
DA:8,3
DA:12,3
DA:13,3
DA:14,1
DA:16,2
DA:20,2
DA:24,3
DA:27,3
DA:28,1
DA:30,2
DA:34,3
DA:35,3
DA:36,1
DA:38,2
DA:42,2
LF:17
LH:17
BRDA:13,0,0,1
BRDA:13,0,1,2
BRDA:27,1,0,1
BRDA:27,1,1,2
BRDA:35,2,0,1
BRDA:35,2,1,2
BRF:6
BRH:6
end_of_record
TN:
SF:C:\Users\Sam\Desktop\node-serverless\serverless-crud\src\cars\services\car.service.js
FN:5,(anonymous_0)
FN:9,(anonymous_1)
FN:19,(anonymous_2)
FN:31,(anonymous_3)
FN:40,(anonymous_4)
FN:52,(anonymous_5)
FNF:6
FNH:6
FNDA:2,(anonymous_0)
FNDA:4,(anonymous_1)
FNDA:4,(anonymous_2)
FNDA:3,(anonymous_3)
FNDA:4,(anonymous_4)
FNDA:4,(anonymous_5)
DA:1,2
DA:2,2
DA:6,2
DA:10,4
DA:11,4
DA:13,3
DA:15,1
DA:20,4
DA:21,4
DA:22,3
DA:23,2
DA:25,1
DA:27,1
DA:32,3
DA:33,3
DA:34,2
DA:36,1
DA:41,4
DA:42,4
DA:43,3
DA:44,2
DA:46,1
DA:48,1
DA:53,4
DA:54,4
DA:55,3
DA:56,2
DA:58,1
DA:60,1
DA:65,2
LF:30
LH:30
BRDA:21,0,0,3
BRDA:21,0,1,1
BRDA:42,1,0,3
BRDA:42,1,1,1
BRDA:54,2,0,3
BRDA:54,2,1,1
BRF:6
BRH:6
end_of_record
TN:
SF:C:\Users\Sam\Desktop\node-serverless\serverless-crud\src\cars\utils\car.body.validator.js
FN:1,invalidBody
FNF:1
FNH:1
FNDA:6,invalidBody
DA:2,6
DA:9,6
DA:10,6
DA:12,6
DA:13,0
DA:15,6
DA:18,2
LF:7
LH:6
BRDA:12,0,0,0
BRDA:12,0,1,6
BRF:2
BRH:1
end_of_record
TN:
SF:C:\Users\Sam\Desktop\node-serverless\serverless-crud\src\cars\utils\json.validator.js
FN:1,isJson
FNF:1
FNH:1
FNDA:6,isJson
DA:2,6
DA:3,6
DA:5,6
DA:7,0
DA:10,2
LF:5
LH:4
BRF:0
BRH:0
end_of_record
TN:
SF:C:\Users\Sam\Desktop\node-serverless\serverless-crud\src\utils\error.handler.js
FN:1,promiseError
FN:10,invalidIdError
FN:19,invalidBodyError
FNF:3
FNH:3
FNDA:6,promiseError
FNDA:4,invalidIdError
FNDA:1,invalidBodyError
DA:2,6
DA:11,4
DA:20,1
DA:28,4
LF:4
LH:4
BRF:0
BRH:0
end_of_record
TN:
SF:C:\Users\Sam\Desktop\node-serverless\serverless-crud\src\utils\status.code.js
FN:14,(anonymous_0)
FNF:1
FNH:0
FNDA:0,(anonymous_0)
DA:2,3
DA:3,3
DA:4,3
DA:5,3
DA:6,3
DA:7,3
DA:8,3
DA:9,3
DA:10,3
DA:11,3
DA:12,3
DA:13,3
DA:15,0
DA:16,0
DA:21,3
LF:15
LH:13
BRDA:15,0,0,0
BRDA:15,0,1,0
BRF:2
BRH:0
end_of_record
